<?xml version="1.0" encoding="UTF-8"?>
<!-- Generated by org.testng.reporters.JUnitReportReporter -->
<testsuite hostname="Hardiks-MacBook-Pro.local" failures="0" tests="1" name="tutorialsninja.register.TC_RF_003" time="11.994" errors="0" timestamp="2025-03-27T16:28:02 EDT" skipped="0">
  <testcase classname="tutorialsninja.register.TC_RF_003" name="verifyRegisterAccountWithAllFields" time="11.994"/>
</testsuite> <!-- tutorialsninja.register.TC_RF_003 -->
