<?xml version="1.0" encoding="UTF-8"?>
<!-- Generated by org.testng.reporters.JUnitReportReporter -->
<testsuite hostname="Hardiks-MacBook-Pro.local" failures="0" tests="1" name="tutorialsninja.register.TC_RF_006" time="10.999" errors="0" timestamp="2025-03-27T16:34:52 EDT" skipped="0">
  <testcase classname="tutorialsninja.register.TC_RF_006" name="verifyRegisteringAccountBySayingNoToNewsletter" time="10.999"/>
</testsuite> <!-- tutorialsninja.register.TC_RF_006 -->
