<?xml version="1.0" encoding="UTF-8"?>
<!-- Generated by org.testng.reporters.JUnitReportReporter -->
<testsuite hostname="Hardiks-MacBook-Pro.local" failures="0" tests="1" name="tutorialsninja.register.TC_RF_010" time="23.872" errors="0" timestamp="2025-03-28T12:39:21 EDT" skipped="0">
  <testcase classname="tutorialsninja.register.TC_RF_010" name="verifyRegisteringAccountUsingInvalidEmail" time="23.872"/>
</testsuite> <!-- tutorialsninja.register.TC_RF_010 -->
