<?xml version="1.0" encoding="UTF-8"?>
<!-- Generated by org.testng.reporters.JUnitReportReporter -->
<testsuite hostname="Hardiks-MacBook-Pro.local" failures="0" tests="1" name="tutorialsninja.register.TC_RF_004" time="8.819" errors="0" timestamp="2025-03-27T16:28:36 EDT" skipped="0">
  <testcase classname="tutorialsninja.register.TC_RF_004" name="verifyRegistringAccountWithoutFillFields" time="8.819"/>
</testsuite> <!-- tutorialsninja.register.TC_RF_004 -->
