<?xml version="1.0" encoding="UTF-8"?>
<!-- Generated by org.testng.reporters.JUnitReportReporter -->
<testsuite hostname="Hardiks-MacBook-Pro.local" failures="0" tests="1" name="tutorialsninja.register.TC_RF_001" time="13.086" errors="0" timestamp="2025-03-26T11:05:18 EDT" skipped="0">
  <testcase classname="tutorialsninja.register.TC_RF_001" name="verifyRegisterWithMandatoryFields" time="13.086"/>
</testsuite> <!-- tutorialsninja.register.TC_RF_001 -->
