<?xml version="1.0" encoding="UTF-8"?>
<!-- Generated by org.testng.reporters.JUnitReportReporter -->
<testsuite hostname="Hardiks-MacBook-Pro.local" failures="0" tests="1" name="tutorialsninja.register.TC_RF_008" time="10.244" errors="0" timestamp="2025-03-27T17:00:29 EDT" skipped="0">
  <testcase classname="tutorialsninja.register.TC_RF_008" name="verifyRegisteringAccountByProvidingMismatchingPasswords" time="10.244"/>
</testsuite> <!-- tutorialsninja.register.TC_RF_008 -->
