<?xml version="1.0" encoding="UTF-8"?>
<!-- Generated by org.testng.reporters.JUnitReportReporter -->
<testsuite hostname="Hardiks-MacBook-Pro.local" failures="0" tests="1" name="tutorialsninja.register.TC_RF_007" time="10.482" errors="0" timestamp="2025-03-27T16:55:25 EDT" skipped="0">
  <testcase classname="tutorialsninja.register.TC_RF_007" name="verifyRegisteringAccountBySayingNoToNewsletter" time="10.482"/>
</testsuite> <!-- tutorialsninja.register.TC_RF_007 -->
