<?xml version="1.0" encoding="UTF-8"?>
<!-- Generated by org.testng.reporters.JUnitReportReporter -->
<testsuite hostname="Hardiks-MacBook-Pro.local" failures="0" tests="1" name="tutorialsninja.register.TC_RF_009" time="10.057" errors="0" timestamp="2025-03-27T17:06:55 EDT" skipped="0">
  <testcase classname="tutorialsninja.register.TC_RF_009" name="verifyRegistringAccountUsingExistingEmail" time="10.057"/>
</testsuite> <!-- tutorialsninja.register.TC_RF_009 -->
